#
# There is insufficient memory for the Java Runtime Environment to continue.
# Native memory allocation (mmap) failed to map 85458944 bytes for committing reserved memory.
# Possible reasons:
#   The system is out of physical RAM or swap space
#   The process is running with CompressedOops enabled, and the Java Heap may be blocking the growth of the native heap
# Possible solutions:
#   Reduce memory load on the system
#   Increase physical memory or swap space
#   Check if swap backing store is full
#   Decrease Java heap size (-Xmx/-Xms)
#   Decrease number of Java threads
#   Decrease Java thread stack sizes (-Xss)
#   Set larger code cache with -XX:ReservedCodeCacheSize=
# This output file may be truncated or incomplete.
#
#  Out of Memory Error (os_linux.cpp:2757), pid=29287, tid=0x00007fc9192dc700
#
# JRE version:  (8.0_222-b10) (build )
# Java VM: OpenJDK 64-Bit Server VM (25.222-b10 mixed mode linux-amd64 compressed oops)
# Failed to write core dump. Core dumps have been disabled. To enable core dumping, try "ulimit -c unlimited" before starting Java again
#

---------------  T H R E A D  ---------------

Current thread (0x00007fc91000c800):  JavaThread "Unknown thread" [_thread_in_vm, id=29288, stack(0x00007fc9191dd000,0x00007fc9192dd000)]

Stack: [0x00007fc9191dd000,0x00007fc9192dd000],  sp=0x00007fc9192db5d0,  free space=1017k
Native frames: (J=compiled Java code, j=interpreted, Vv=VM code, C=native code)
V  [libjvm.so+0xab8992]
V  [libjvm.so+0x4dbfd7]
V  [libjvm.so+0x8f33a0]
V  [libjvm.so+0x8ea46e]
V  [libjvm.so+0x96e106]
V  [libjvm.so+0x95e46c]
V  [libjvm.so+0x2b40ae]
V  [libjvm.so+0x91aff1]
V  [libjvm.so+0xa7ad9a]
V  [libjvm.so+0xa7b095]
V  [libjvm.so+0x62903f]
V  [libjvm.so+0xa5ea63]
V  [libjvm.so+0x6ac371]  JNI_CreateJavaVM+0x61
C  [libjli.so+0x2c64]
C  [libjli.so+0x773d]
C  [libpthread.so.0+0x76db]  start_thread+0xdb


---------------  P R O C E S S  ---------------

Java Threads: ( => current thread )

Other Threads:

=>0x00007fc91000c800 (exited) JavaThread "Unknown thread" [_thread_in_vm, id=29288, stack(0x00007fc9191dd000,0x00007fc9192dd000)]

VM state:not at safepoint (not fully initialized)

VM Mutex/Monitor currently owned by a thread: None

heap address: 0x0000000087a00000, size: 1926 MB, Compressed Oops mode: Non-zero based:0x00000000879ff000
Narrow klass base: 0x0000000000000000, Narrow klass shift: 0

GC Heap History (0 events):
No events

Deoptimization events (0 events):
No events

Classes redefined (0 events):
No events

Internal exceptions (0 events):
No events

Events (0 events):
No events


Dynamic libraries:
8cb80000-d7e00000 ---p 00000000 00:00 0 
d7e00000-da680000 rw-p 00000000 00:00 0 
da680000-100000000 ---p 00000000 00:00 0 
55a713afd000-55a713afe000 r-xp 00000000 103:02 1705506                   /usr/lib/jvm/java-8-openjdk-amd64/jre/bin/java
55a713cfd000-55a713cfe000 r--p 00000000 103:02 1705506                   /usr/lib/jvm/java-8-openjdk-amd64/jre/bin/java
55a713cfe000-55a713cff000 rw-p 00001000 103:02 1705506                   /usr/lib/jvm/java-8-openjdk-amd64/jre/bin/java
55a714520000-55a714541000 rw-p 00000000 00:00 0                          [heap]
7fc901000000-7fc901270000 rwxp 00000000 00:00 0 
7fc901270000-7fc910000000 ---p 00000000 00:00 0 
7fc910000000-7fc910034000 rw-p 00000000 00:00 0 
7fc910034000-7fc914000000 ---p 00000000 00:00 0 
7fc9153ba000-7fc91563c000 ---p 00000000 00:00 0 
7fc91563c000-7fc915651000 rw-p 00000000 00:00 0 
7fc915651000-7fc91577d000 ---p 00000000 00:00 0 
7fc91577d000-7fc915788000 rw-p 00000000 00:00 0 
7fc915788000-7fc915b3e000 ---p 00000000 00:00 0 
7fc915b3e000-7fc915b46000 r-xp 00000000 103:02 1707902                   /usr/lib/jvm/java-8-openjdk-amd64/jre/lib/amd64/libzip.so
7fc915b46000-7fc915d45000 ---p 00008000 103:02 1707902                   /usr/lib/jvm/java-8-openjdk-amd64/jre/lib/amd64/libzip.so
7fc915d45000-7fc915d46000 r--p 00007000 103:02 1707902                   /usr/lib/jvm/java-8-openjdk-amd64/jre/lib/amd64/libzip.so
7fc915d46000-7fc915d47000 rw-p 00008000 103:02 1707902                   /usr/lib/jvm/java-8-openjdk-amd64/jre/lib/amd64/libzip.so
7fc915d47000-7fc915d52000 r-xp 00000000 103:02 14424122                  /lib/x86_64-linux-gnu/libnss_files-2.27.so
7fc915d52000-7fc915f51000 ---p 0000b000 103:02 14424122                  /lib/x86_64-linux-gnu/libnss_files-2.27.so
7fc915f51000-7fc915f52000 r--p 0000a000 103:02 14424122                  /lib/x86_64-linux-gnu/libnss_files-2.27.so
7fc915f52000-7fc915f53000 rw-p 0000b000 103:02 14424122                  /lib/x86_64-linux-gnu/libnss_files-2.27.so
7fc915f53000-7fc915f59000 rw-p 00000000 00:00 0 
7fc915f59000-7fc915f70000 r-xp 00000000 103:02 14424119                  /lib/x86_64-linux-gnu/libnsl-2.27.so
7fc915f70000-7fc91616f000 ---p 00017000 103:02 14424119                  /lib/x86_64-linux-gnu/libnsl-2.27.so
7fc91616f000-7fc916170000 r--p 00016000 103:02 14424119                  /lib/x86_64-linux-gnu/libnsl-2.27.so
7fc916170000-7fc916171000 rw-p 00017000 103:02 14424119                  /lib/x86_64-linux-gnu/libnsl-2.27.so
7fc916171000-7fc916173000 rw-p 00000000 00:00 0 
7fc916173000-7fc91617e000 r-xp 00000000 103:02 14424124                  /lib/x86_64-linux-gnu/libnss_nis-2.27.so
7fc91617e000-7fc91637d000 ---p 0000b000 103:02 14424124                  /lib/x86_64-linux-gnu/libnss_nis-2.27.so
7fc91637d000-7fc91637e000 r--p 0000a000 103:02 14424124                  /lib/x86_64-linux-gnu/libnss_nis-2.27.so
7fc91637e000-7fc91637f000 rw-p 0000b000 103:02 14424124                  /lib/x86_64-linux-gnu/libnss_nis-2.27.so
7fc91637f000-7fc916387000 r-xp 00000000 103:02 14424120                  /lib/x86_64-linux-gnu/libnss_compat-2.27.so
7fc916387000-7fc916587000 ---p 00008000 103:02 14424120                  /lib/x86_64-linux-gnu/libnss_compat-2.27.so
7fc916587000-7fc916588000 r--p 00008000 103:02 14424120                  /lib/x86_64-linux-gnu/libnss_compat-2.27.so
7fc916588000-7fc916589000 rw-p 00009000 103:02 14424120                  /lib/x86_64-linux-gnu/libnss_compat-2.27.so
7fc916589000-7fc9165b3000 r-xp 00000000 103:02 1707279                   /usr/lib/jvm/java-8-openjdk-amd64/jre/lib/amd64/libjava.so
7fc9165b3000-7fc9167b2000 ---p 0002a000 103:02 1707279                   /usr/lib/jvm/java-8-openjdk-amd64/jre/lib/amd64/libjava.so
7fc9167b2000-7fc9167b3000 r--p 00029000 103:02 1707279                   /usr/lib/jvm/java-8-openjdk-amd64/jre/lib/amd64/libjava.so
7fc9167b3000-7fc9167b5000 rw-p 0002a000 103:02 1707279                   /usr/lib/jvm/java-8-openjdk-amd64/jre/lib/amd64/libjava.so
7fc9167b5000-7fc9167c5000 r-xp 00000000 103:02 1707901                   /usr/lib/jvm/java-8-openjdk-amd64/jre/lib/amd64/libverify.so
7fc9167c5000-7fc9169c4000 ---p 00010000 103:02 1707901                   /usr/lib/jvm/java-8-openjdk-amd64/jre/lib/amd64/libverify.so
7fc9169c4000-7fc9169c6000 r--p 0000f000 103:02 1707901                   /usr/lib/jvm/java-8-openjdk-amd64/jre/lib/amd64/libverify.so
7fc9169c6000-7fc9169c7000 rw-p 00011000 103:02 1707901                   /usr/lib/jvm/java-8-openjdk-amd64/jre/lib/amd64/libverify.so
7fc9169c7000-7fc9169ce000 r-xp 00000000 103:02 14424129                  /lib/x86_64-linux-gnu/librt-2.27.so
7fc9169ce000-7fc916bcd000 ---p 00007000 103:02 14424129                  /lib/x86_64-linux-gnu/librt-2.27.so
7fc916bcd000-7fc916bce000 r--p 00006000 103:02 14424129                  /lib/x86_64-linux-gnu/librt-2.27.so
7fc916bce000-7fc916bcf000 rw-p 00007000 103:02 14424129                  /lib/x86_64-linux-gnu/librt-2.27.so
7fc916bcf000-7fc916be6000 r-xp 00000000 103:02 14433760                  /lib/x86_64-linux-gnu/libgcc_s.so.1
7fc916be6000-7fc916de5000 ---p 00017000 103:02 14433760                  /lib/x86_64-linux-gnu/libgcc_s.so.1
7fc916de5000-7fc916de6000 r--p 00016000 103:02 14433760                  /lib/x86_64-linux-gnu/libgcc_s.so.1
7fc916de6000-7fc916de7000 rw-p 00017000 103:02 14433760                  /lib/x86_64-linux-gnu/libgcc_s.so.1
7fc916de7000-7fc916f84000 r-xp 00000000 103:02 14424116                  /lib/x86_64-linux-gnu/libm-2.27.so
7fc916f84000-7fc917183000 ---p 0019d000 103:02 14424116                  /lib/x86_64-linux-gnu/libm-2.27.so
7fc917183000-7fc917184000 r--p 0019c000 103:02 14424116                  /lib/x86_64-linux-gnu/libm-2.27.so
7fc917184000-7fc917185000 rw-p 0019d000 103:02 14424116                  /lib/x86_64-linux-gnu/libm-2.27.so
7fc917185000-7fc9172fe000 r-xp 00000000 103:02 1445696                   /usr/lib/x86_64-linux-gnu/libstdc++.so.6.0.25
7fc9172fe000-7fc9174fe000 ---p 00179000 103:02 1445696                   /usr/lib/x86_64-linux-gnu/libstdc++.so.6.0.25
7fc9174fe000-7fc917508000 r--p 00179000 103:02 1445696                   /usr/lib/x86_64-linux-gnu/libstdc++.so.6.0.25
7fc917508000-7fc91750a000 rw-p 00183000 103:02 1445696                   /usr/lib/x86_64-linux-gnu/libstdc++.so.6.0.25
7fc91750a000-7fc91750e000 rw-p 00000000 00:00 0 
7fc91750e000-7fc9181ad000 r-xp 00000000 103:02 1707905                   /usr/lib/jvm/java-8-openjdk-amd64/jre/lib/amd64/server/libjvm.so
7fc9181ad000-7fc9183ad000 ---p 00c9f000 103:02 1707905                   /usr/lib/jvm/java-8-openjdk-amd64/jre/lib/amd64/server/libjvm.so
7fc9183ad000-7fc918441000 r--p 00c9f000 103:02 1707905                   /usr/lib/jvm/java-8-openjdk-amd64/jre/lib/amd64/server/libjvm.so
7fc918441000-7fc91846a000 rw-p 00d33000 103:02 1707905                   /usr/lib/jvm/java-8-openjdk-amd64/jre/lib/amd64/server/libjvm.so
7fc91846a000-7fc91849a000 rw-p 00000000 00:00 0 
7fc91849a000-7fc9184b4000 r-xp 00000000 103:02 14424127                  /lib/x86_64-linux-gnu/libpthread-2.27.so
7fc9184b4000-7fc9186b3000 ---p 0001a000 103:02 14424127                  /lib/x86_64-linux-gnu/libpthread-2.27.so
7fc9186b3000-7fc9186b4000 r--p 00019000 103:02 14424127                  /lib/x86_64-linux-gnu/libpthread-2.27.so
7fc9186b4000-7fc9186b5000 rw-p 0001a000 103:02 14424127                  /lib/x86_64-linux-gnu/libpthread-2.27.so
7fc9186b5000-7fc9186b9000 rw-p 00000000 00:00 0 
7fc9186b9000-7fc9186bc000 r-xp 00000000 103:02 14424115                  /lib/x86_64-linux-gnu/libdl-2.27.so
7fc9186bc000-7fc9188bb000 ---p 00003000 103:02 14424115                  /lib/x86_64-linux-gnu/libdl-2.27.so
7fc9188bb000-7fc9188bc000 r--p 00002000 103:02 14424115                  /lib/x86_64-linux-gnu/libdl-2.27.so
7fc9188bc000-7fc9188bd000 rw-p 00003000 103:02 14424115                  /lib/x86_64-linux-gnu/libdl-2.27.so
7fc9188bd000-7fc9188d9000 r-xp 00000000 103:02 14422643                  /lib/x86_64-linux-gnu/libz.so.1.2.11
7fc9188d9000-7fc918ad8000 ---p 0001c000 103:02 14422643                  /lib/x86_64-linux-gnu/libz.so.1.2.11
7fc918ad8000-7fc918ad9000 r--p 0001b000 103:02 14422643                  /lib/x86_64-linux-gnu/libz.so.1.2.11
7fc918ad9000-7fc918ada000 rw-p 0001c000 103:02 14422643                  /lib/x86_64-linux-gnu/libz.so.1.2.11
7fc918ada000-7fc918cc1000 r-xp 00000000 103:02 14424087                  /lib/x86_64-linux-gnu/libc-2.27.so
7fc918cc1000-7fc918ec1000 ---p 001e7000 103:02 14424087                  /lib/x86_64-linux-gnu/libc-2.27.so
7fc918ec1000-7fc918ec5000 r--p 001e7000 103:02 14424087                  /lib/x86_64-linux-gnu/libc-2.27.so
7fc918ec5000-7fc918ec7000 rw-p 001eb000 103:02 14424087                  /lib/x86_64-linux-gnu/libc-2.27.so
7fc918ec7000-7fc918ecb000 rw-p 00000000 00:00 0 
7fc918ecb000-7fc918ed9000 r-xp 00000000 103:02 1706974                   /usr/lib/jvm/java-8-openjdk-amd64/jre/lib/amd64/jli/libjli.so
7fc918ed9000-7fc9190d8000 ---p 0000e000 103:02 1706974                   /usr/lib/jvm/java-8-openjdk-amd64/jre/lib/amd64/jli/libjli.so
7fc9190d8000-7fc9190d9000 r--p 0000d000 103:02 1706974                   /usr/lib/jvm/java-8-openjdk-amd64/jre/lib/amd64/jli/libjli.so
7fc9190d9000-7fc9190da000 rw-p 0000e000 103:02 1706974                   /usr/lib/jvm/java-8-openjdk-amd64/jre/lib/amd64/jli/libjli.so
7fc9190da000-7fc919101000 r-xp 00000000 103:02 14418104                  /lib/x86_64-linux-gnu/ld-2.27.so
7fc9191dc000-7fc9191dd000 ---p 00000000 00:00 0 
7fc9191dd000-7fc9191e0000 ---p 00000000 00:00 0 
7fc9191e0000-7fc9192df000 rw-p 00000000 00:00 0 
7fc9192f5000-7fc9192fd000 rw-s 00000000 103:02 12977928                  /tmp/hsperfdata_akil/29287
7fc9192fd000-7fc9192fe000 rw-p 00000000 00:00 0 
7fc9192fe000-7fc9192ff000 r--p 00000000 00:00 0 
7fc9192ff000-7fc919301000 rw-p 00000000 00:00 0 
7fc919301000-7fc919302000 r--p 00027000 103:02 14418104                  /lib/x86_64-linux-gnu/ld-2.27.so
7fc919302000-7fc919303000 rw-p 00028000 103:02 14418104                  /lib/x86_64-linux-gnu/ld-2.27.so
7fc919303000-7fc919304000 rw-p 00000000 00:00 0 
7ffd3c663000-7ffd3c685000 rw-p 00000000 00:00 0                          [stack]
7ffd3c6b5000-7ffd3c6b8000 r--p 00000000 00:00 0                          [vvar]
7ffd3c6b8000-7ffd3c6ba000 r-xp 00000000 00:00 0                          [vdso]
ffffffffff600000-ffffffffff601000 r-xp 00000000 00:00 0                  [vsyscall]

VM Arguments:
jvm_args: -Xverify:none -XX:TieredStopAtLevel=1 -Xverify:none -XX:TieredStopAtLevel=1 
java_command: cc.altius.fhi.importMsAccess.ImportMsAccessApplication
java_class_path (initial): /home/akil/Documents/FHI/FASP/Pipeline/MsAccessImport/target/classes:/home/akil/.m2/repository/org/springframework/boot/spring-boot-starter/2.2.1.RELEASE/spring-boot-starter-2.2.1.RELEASE.jar:/home/akil/.m2/repository/org/springframework/boot/spring-boot/2.2.1.RELEASE/spring-boot-2.2.1.RELEASE.jar:/home/akil/.m2/repository/org/springframework/spring-context/5.2.1.RELEASE/spring-context-5.2.1.RELEASE.jar:/home/akil/.m2/repository/org/springframework/spring-aop/5.2.1.RELEASE/spring-aop-5.2.1.RELEASE.jar:/home/akil/.m2/repository/org/springframework/spring-beans/5.2.1.RELEASE/spring-beans-5.2.1.RELEASE.jar:/home/akil/.m2/repository/org/springframework/spring-expression/5.2.1.RELEASE/spring-expression-5.2.1.RELEASE.jar:/home/akil/.m2/repository/org/springframework/boot/spring-boot-autoconfigure/2.2.1.RELEASE/spring-boot-autoconfigure-2.2.1.RELEASE.jar:/home/akil/.m2/repository/org/springframework/boot/spring-boot-starter-logging/2.2.1.RELEASE/spring-boot-starter-logging-2.2.1.RELEASE.jar:/home/akil/.m2/repository/ch/qos/logback/logback-classic/1.2.3/logback-classic-1.2.3.jar:/home/akil/.m2/repository/ch/qos/logback/logback-core/1.2.3/logback-core-1.2.3.jar:/home/akil/.m2/repository/org/apache/logging/log4j/log4j-to-slf4j/2.12.1/log4j-to-slf4j-2.12.1.jar:/home/akil/.m2/repository/org/apache/logging/log4j/log4j-api/2.12.1/log4j-api-2.12.1.jar:/home/akil/.m2/repository/org/slf4j/jul-to-slf4j/1.7.29/jul-to-slf4j-1.7.29.jar:/home/akil/.m2/repository/jakarta/annotation/jakarta.annotation-api/1.3.5/jakarta.annotation-api-1.3.5.jar:/home/akil/.m2/repository/org/springframework/spring-core/5.2.1.RELEASE/spring-core-5.2.1.RELEASE.jar:/home/akil/.m2/repository/org/springframework/spring-jcl/5.2.1.RELEASE/spring-jcl-5.2.1.RELEASE.jar:/home/akil/.m2/repository/org/yaml/snakeyaml/1.25/snakeyaml-1.25.jar:/home/akil/.m2/repository/org/springframework/boot/spring-boot-devtools/2.2.1.RELEASE/spring-boot-devtools-2.2.1.RELEASE.jar:/home/akil/.m2/repository/net
Launcher Type: SUN_STANDARD

Environment Variables:
JAVA_HOME=/usr/lib/jvm/java-8-openjdk-amd64
PATH=/usr/local/sbin:/usr/local/bin:/usr/sbin:/usr/bin:/sbin:/bin:/usr/games:/usr/local/games:/snap/bin
USERNAME=akil
LD_LIBRARY_PATH=/usr/lib/jvm/java-8-openjdk-amd64/jre/lib/amd64:/usr/lib/jvm/java-8-openjdk-amd64/jre/lib/i386:
SHELL=/bin/bash
DISPLAY=:0

Signal Handlers:
SIGSEGV: [libjvm.so+0xab92f0], sa_mask[0]=11111111011111111101111111111110, sa_flags=SA_RESTART|SA_SIGINFO
SIGBUS: [libjvm.so+0xab92f0], sa_mask[0]=11111111011111111101111111111110, sa_flags=SA_RESTART|SA_SIGINFO
SIGFPE: [libjvm.so+0x8ee560], sa_mask[0]=11111111011111111101111111111110, sa_flags=SA_RESTART|SA_SIGINFO
SIGPIPE: [libjvm.so+0x8ee560], sa_mask[0]=11111111011111111101111111111110, sa_flags=SA_RESTART|SA_SIGINFO
SIGXFSZ: [libjvm.so+0x8ee560], sa_mask[0]=11111111011111111101111111111110, sa_flags=SA_RESTART|SA_SIGINFO
SIGILL: [libjvm.so+0x8ee560], sa_mask[0]=11111111011111111101111111111110, sa_flags=SA_RESTART|SA_SIGINFO
SIGUSR1: SIG_DFL, sa_mask[0]=00000000000000000000000000000000, sa_flags=none
SIGUSR2: [libjvm.so+0x8ee410], sa_mask[0]=00100000000000000000000000000000, sa_flags=SA_RESTART|SA_SIGINFO
SIGHUP: SIG_DFL, sa_mask[0]=00000000000000000000000000000000, sa_flags=none
SIGINT: SIG_IGN, sa_mask[0]=00000000000000000000000000000000, sa_flags=none
SIGTERM: SIG_DFL, sa_mask[0]=00000000000000000000000000000000, sa_flags=none
SIGQUIT: SIG_DFL, sa_mask[0]=00000000000000000000000000000000, sa_flags=none


---------------  S Y S T E M  ---------------

OS:DISTRIB_ID=Ubuntu
DISTRIB_RELEASE=18.04
DISTRIB_CODENAME=bionic
DISTRIB_DESCRIPTION="Ubuntu 18.04.3 LTS"

uname:Linux 4.15.0-66-generic #75-Ubuntu SMP Tue Oct 1 05:24:09 UTC 2019 x86_64
libc:glibc 2.27 NPTL 2.27 
rlimit: STACK 8192k, CORE 0k, NPROC 30456, NOFILE 1048576, AS infinity
load average:1.18 1.41 1.06

/proc/meminfo:
MemTotal:        7884860 kB
MemFree:          114668 kB
MemAvailable:      29960 kB
Buffers:            3104 kB
Cached:           801520 kB
SwapCached:         1404 kB
Active:          6328092 kB
Inactive:         917632 kB
Active(anon):    6304384 kB
Inactive(anon):   898388 kB
Active(file):      23708 kB
Inactive(file):    19244 kB
Unevictable:        2880 kB
Mlocked:            2880 kB
SwapTotal:       2097148 kB
SwapFree:              4 kB
Dirty:                72 kB
Writeback:             0 kB
AnonPages:       6444044 kB
Mapped:           310852 kB
Shmem:            760652 kB
Slab:             190964 kB
SReclaimable:      69548 kB
SUnreclaim:       121416 kB
KernelStack:       29232 kB
PageTables:       148136 kB
NFS_Unstable:          0 kB
Bounce:                0 kB
WritebackTmp:          0 kB
CommitLimit:     6039576 kB
Committed_AS:   28632748 kB
VmallocTotal:   34359738367 kB
VmallocUsed:           0 kB
VmallocChunk:          0 kB
HardwareCorrupted:     0 kB
AnonHugePages:         0 kB
ShmemHugePages:        0 kB
ShmemPmdMapped:        0 kB
CmaTotal:              0 kB
CmaFree:               0 kB
HugePages_Total:       0
HugePages_Free:        0
HugePages_Rsvd:        0
HugePages_Surp:        0
Hugepagesize:       2048 kB
DirectMap4k:      493840 kB
DirectMap2M:     7612416 kB
DirectMap1G:           0 kB

container (cgroup) information:
container_type: cgroupv1
cpu_cpuset_cpus: 0-7
cpu_memory_nodes: 0
active_processor_count: 8
cpu_quota: -1
cpu_period: 100000
cpu_shares: -1
memory_limit_in_bytes: -1
memory_and_swap_limit_in_bytes: -2
memory_soft_limit_in_bytes: -1
memory_usage_in_bytes: 7424454656
memory_max_usage_in_bytes: 17104896


CPU:total 8 (initial active 8) (4 cores per cpu, 2 threads per core) family 6 model 142 stepping 10, cmov, cx8, fxsr, mmx, sse, sse2, sse3, ssse3, sse4.1, sse4.2, popcnt, avx, avx2, aes, clmul, erms, 3dnowpref, lzcnt, ht, tsc, tscinvbit, bmi1, bmi2, adx

/proc/cpuinfo:
processor	: 0
vendor_id	: GenuineIntel
cpu family	: 6
model		: 142
model name	: Intel(R) Core(TM) i7-8550U CPU @ 1.80GHz
stepping	: 10
microcode	: 0xb4
cpu MHz		: 2672.040
cache size	: 8192 KB
physical id	: 0
siblings	: 8
core id		: 0
cpu cores	: 4
apicid		: 0
initial apicid	: 0
fpu		: yes
fpu_exception	: yes
cpuid level	: 22
wp		: yes
flags		: fpu vme de pse tsc msr pae mce cx8 apic sep mtrr pge mca cmov pat pse36 clflush dts acpi mmx fxsr sse sse2 ss ht tm pbe syscall nx pdpe1gb rdtscp lm constant_tsc art arch_perfmon pebs bts rep_good nopl xtopology nonstop_tsc cpuid aperfmperf tsc_known_freq pni pclmulqdq dtes64 monitor ds_cpl vmx est tm2 ssse3 sdbg fma cx16 xtpr pdcm pcid sse4_1 sse4_2 x2apic movbe popcnt tsc_deadline_timer aes xsave avx f16c rdrand lahf_lm abm 3dnowprefetch cpuid_fault epb invpcid_single pti ssbd ibrs ibpb stibp tpr_shadow vnmi flexpriority ept vpid fsgsbase tsc_adjust bmi1 avx2 smep bmi2 erms invpcid mpx rdseed adx smap clflushopt intel_pt xsaveopt xsavec xgetbv1 xsaves dtherm ida arat pln pts hwp hwp_notify hwp_act_window hwp_epp md_clear flush_l1d
bugs		: cpu_meltdown spectre_v1 spectre_v2 spec_store_bypass l1tf mds swapgs
bogomips	: 3984.00
clflush size	: 64
cache_alignment	: 64
address sizes	: 39 bits physical, 48 bits virtual
power management:

processor	: 1
vendor_id	: GenuineIntel
cpu family	: 6
model		: 142
model name	: Intel(R) Core(TM) i7-8550U CPU @ 1.80GHz
stepping	: 10
microcode	: 0xb4
cpu MHz		: 2685.461
cache size	: 8192 KB
physical id	: 0
siblings	: 8
core id		: 1
cpu cores	: 4
apicid		: 2
initial apicid	: 2
fpu		: yes
fpu_exception	: yes
cpuid level	: 22
wp		: yes
flags		: fpu vme de pse tsc msr pae mce cx8 apic sep mtrr pge mca cmov pat pse36 clflush dts acpi mmx fxsr sse sse2 ss ht tm pbe syscall nx pdpe1gb rdtscp lm constant_tsc art arch_perfmon pebs bts rep_good nopl xtopology nonstop_tsc cpuid aperfmperf tsc_known_freq pni pclmulqdq dtes64 monitor ds_cpl vmx est tm2 ssse3 sdbg fma cx16 xtpr pdcm pcid sse4_1 sse4_2 x2apic movbe popcnt tsc_deadline_timer aes xsave avx f16c rdrand lahf_lm abm 3dnowprefetch cpuid_fault epb invpcid_single pti ssbd ibrs ibpb stibp tpr_shadow vnmi flexpriority ept vpid fsgsbase tsc_adjust bmi1 avx2 smep bmi2 erms invpcid mpx rdseed adx smap clflushopt intel_pt xsaveopt xsavec xgetbv1 xsaves dtherm ida arat pln pts hwp hwp_notify hwp_act_window hwp_epp flush_l1d
bugs		: cpu_meltdown spectre_v1 spectre_v2 spec_store_bypass l1tf mds swapgs
bogomips	: 3984.00
clflush size	: 64
cache_alignment	: 64
address sizes	: 39 bits physical, 48 bits virtual
power management:

processor	: 2
vendor_id	: GenuineIntel
cpu family	: 6
model		: 142
model name	: Intel(R) Core(TM) i7-8550U CPU @ 1.80GHz
stepping	: 10
microcode	: 0xb4
cpu MHz		: 2677.770
cache size	: 8192 KB
physical id	: 0
siblings	: 8
core id		: 2
cpu cores	: 4
apicid		: 4
initial apicid	: 4
fpu		: yes
fpu_exception	: yes
cpuid level	: 22
wp		: yes
flags		: fpu vme de pse tsc msr pae mce cx8 apic sep mtrr pge mca cmov pat pse36 clflush dts acpi mmx fxsr sse sse2 ss ht tm pbe syscall nx pdpe1gb rdtscp lm constant_tsc art arch_perfmon pebs bts rep_good nopl xtopology nonstop_tsc cpuid aperfmperf tsc_known_freq pni pclmulqdq dtes64 monitor ds_cpl vmx est tm2 ssse3 sdbg fma cx16 xtpr pdcm pcid sse4_1 sse4_2 x2apic movbe popcnt tsc_deadline_timer aes xsave avx f16c rdrand lahf_lm abm 3dnowprefetch cpuid_fault epb invpcid_single pti ssbd ibrs ibpb stibp tpr_shadow vnmi flexpriority ept vpid fsgsbase tsc_adjust bmi1 avx2 smep bmi2 erms invpcid mpx rdseed adx smap clflushopt intel_pt xsaveopt xsavec xgetbv1 xsaves dtherm ida arat pln pts hwp hwp_notify hwp_act_window hwp_epp flush_l1d
bugs		: cpu_meltdown spectre_v1 spectre_v2 spec_store_bypass l1tf mds swapgs
bogomips	: 3984.00
clflush size	: 64
cache_alignment	: 64
address sizes	: 39 bits physical, 48 bits virtual
power management:

processor	: 3
vendor_id	: GenuineIntel
cpu family	: 6
model		: 142
model name	: Intel(R) Core(TM) i7-8550U CPU @ 1.80GHz
stepping	: 10
microcode	: 0xb4
cpu MHz		: 2690.679
cache size	: 8192 KB
physical id	: 0
siblings	: 8
core id		: 3
cpu cores	: 4
apicid		: 6
initial apicid	: 6
fpu		: yes
fpu_exception	: yes
cpuid level	: 22
wp		: yes
flags		: fpu vme de pse tsc msr pae mce cx8 apic sep mtrr pge mca cmov pat pse36 clflush dts acpi mmx fxsr sse sse2 ss ht tm pbe syscall nx pdpe1gb rdtscp lm constant_tsc art arch_perfmon pebs bts rep_good nopl xtopology nonstop_tsc cpuid aperfmperf tsc_known_freq pni pclmulqdq dtes64 monitor ds_cpl vmx est tm2 ssse3 sdbg fma cx16 xtpr pdcm pcid sse4_1 sse4_2 x2apic movbe popcnt tsc_deadline_timer aes xsave avx f16c rdrand lahf_lm abm 3dnowprefetch cpuid_fault epb invpcid_single pti ssbd ibrs ibpb stibp tpr_shadow vnmi flexpriority ept vpid fsgsbase tsc_adjust bmi1 avx2 smep bmi2 erms invpcid mpx rdseed adx smap clflushopt intel_pt xsaveopt xsavec xgetbv1 xsaves dtherm ida arat pln pts hwp hwp_notify hwp_act_window hwp_epp flush_l1d
bugs		: cpu_meltdown spectre_v1 spectre_v2 spec_store_bypass l1tf mds swapgs
bogomips	: 3984.00
clflush size	: 64
cache_alignment	: 64
address sizes	: 39 bits physical, 48 bits virtual
power management:

processor	: 4
vendor_id	: GenuineIntel
cpu family	: 6
model		: 142
model name	: Intel(R) Core(TM) i7-8550U CPU @ 1.80GHz
stepping	: 10
microcode	: 0xb4
cpu MHz		: 2668.571
cache size	: 8192 KB
physical id	: 0
siblings	: 8
core id		: 0
cpu cores	: 4
apicid		: 1
initial apicid	: 1
fpu		: yes
fpu_exception	: yes
cpuid level	: 22
wp		: yes
flags		: fpu vme de pse tsc msr pae mce cx8 apic sep mtrr pge mca cmov pat pse36 clflush dts acpi mmx fxsr sse sse2 ss ht tm pbe syscall nx pdpe1gb rdtscp lm constant_tsc art arch_perfmon pebs bts rep_good nopl xtopology nonstop_tsc cpuid aperfmperf tsc_known_freq pni pclmulqdq dtes64 monitor ds_cpl vmx est tm2 ssse3 sdbg fma cx16 xtpr pdcm pcid sse4_1 sse4_2 x2apic movbe popcnt tsc_deadline_timer aes xsave avx f16c rdrand lahf_lm abm 3dnowprefetch cpuid_fault epb invpcid_single pti ssbd ibrs ibpb stibp tpr_shadow vnmi flexpriority ept vpid fsgsbase tsc_adjust bmi1 avx2 smep bmi2 erms invpcid mpx rdseed adx smap clflushopt intel_pt xsaveopt xsavec xgetbv1 xsaves dtherm ida arat pln pts hwp hwp_notify hwp_act_window hwp_epp md_clear flush_l1d
bugs		: cpu_meltdown spectre_v1 spectre_v2 spec_store_bypass l1tf mds swapgs
bogomips	: 3984.00
clflush size	: 64
cache_alignment	: 64
address sizes	: 39 bits physical, 48 bits virtual
power management:

processor	: 5
vendor_id	: GenuineIntel
cpu family	: 6
model		: 142
model name	: Intel(R) Core(TM) i7-8550U CPU @ 1.80GHz
stepping	: 10
microcode	: 0xb4
cpu MHz		: 2610.212
cache size	: 8192 KB
physical id	: 0
siblings	: 8
core id		: 1
cpu cores	: 4
apicid		: 3
initial apicid	: 3
fpu		: yes
fpu_exception	: yes
cpuid level	: 22
wp		: yes
flags		: fpu vme de pse tsc msr pae mce cx8 apic sep mtrr pge mca cmov pat pse36 clflush dts acpi mmx fxsr sse sse2 ss ht tm pbe syscall nx pdpe1gb rdtscp lm constant_tsc art arch_perfmon pebs bts rep_good nopl xtopology nonstop_tsc cpuid aperfmperf tsc_known_freq pni pclmulqdq dtes64 monitor ds_cpl vmx est tm2 ssse3 sdbg fma cx16 xtpr pdcm pcid sse4_1 sse4_2 x2apic movbe popcnt tsc_deadline_timer aes xsave avx f16c rdrand lahf_lm abm 3dnowprefetch cpuid_fault epb invpcid_single pti ssbd ibrs ibpb stibp tpr_shadow vnmi flexpriority ept vpid fsgsbase tsc_adjust bmi1 avx2 smep bmi2 erms invpcid mpx rdseed adx smap clflushopt intel_pt xsaveopt xsavec xgetbv1 xsaves dtherm ida arat pln pts hwp hwp_notify hwp_act_window hwp_epp md_clear flush_l1d
bugs		: cpu_meltdown spectre_v1 spectre_v2 spec_store_bypass l1tf mds swapgs
bogomips	: 3984.00
clflush size	: 64
cache_alignment	: 64
address sizes	: 39 bits physical, 48 bits virtual
power management:

processor	: 6
vendor_id	: GenuineIntel
cpu family	: 6
model		: 142
model name	: Intel(R) Core(TM) i7-8550U CPU @ 1.80GHz
stepping	: 10
microcode	: 0xb4
cpu MHz		: 2621.384
cache size	: 8192 KB
physical id	: 0
siblings	: 8
core id		: 2
cpu cores	: 4
apicid		: 5
initial apicid	: 5
fpu		: yes
fpu_exception	: yes
cpuid level	: 22
wp		: yes
flags		: fpu vme de pse tsc msr pae mce cx8 apic sep mtrr pge mca cmov pat pse36 clflush dts acpi mmx fxsr sse sse2 ss ht tm pbe syscall nx pdpe1gb rdtscp lm constant_tsc art arch_perfmon pebs bts rep_good nopl xtopology nonstop_tsc cpuid aperfmperf tsc_known_freq pni pclmulqdq dtes64 monitor ds_cpl vmx est tm2 ssse3 sdbg fma cx16 xtpr pdcm pcid sse4_1 sse4_2 x2apic movbe popcnt tsc_deadline_timer aes xsave avx f16c rdrand lahf_lm abm 3dnowprefetch cpuid_fault epb invpcid_single pti ssbd ibrs ibpb stibp tpr_shadow vnmi flexpriority ept vpid fsgsbase tsc_adjust bmi1 avx2 smep bmi2 erms invpcid mpx rdseed adx smap clflushopt intel_pt xsaveopt xsavec xgetbv1 xsaves dtherm ida arat pln pts hwp hwp_notify hwp_act_window hwp_epp md_clear flush_l1d
bugs		: cpu_meltdown spectre_v1 spectre_v2 spec_store_bypass l1tf mds swapgs
bogomips	: 3984.00
clflush size	: 64
cache_alignment	: 64
address sizes	: 39 bits physical, 48 bits virtual
power management:

processor	: 7
vendor_id	: GenuineIntel
cpu family	: 6
model		: 142
model name	: Intel(R) Core(TM) i7-8550U CPU @ 1.80GHz
stepping	: 10
microcode	: 0xb4
cpu MHz		: 2671.937
cache size	: 8192 KB
physical id	: 0
siblings	: 8
core id		: 3
cpu cores	: 4
apicid		: 7
initial apicid	: 7
fpu		: yes
fpu_exception	: yes
cpuid level	: 22
wp		: yes
flags		: fpu vme de pse tsc msr pae mce cx8 apic sep mtrr pge mca cmov pat pse36 clflush dts acpi mmx fxsr sse sse2 ss ht tm pbe syscall nx pdpe1gb rdtscp lm constant_tsc art arch_perfmon pebs bts rep_good nopl xtopology nonstop_tsc cpuid aperfmperf tsc_known_freq pni pclmulqdq dtes64 monitor ds_cpl vmx est tm2 ssse3 sdbg fma cx16 xtpr pdcm pcid sse4_1 sse4_2 x2apic movbe popcnt tsc_deadline_timer aes xsave avx f16c rdrand lahf_lm abm 3dnowprefetch cpuid_fault epb invpcid_single pti ssbd ibrs ibpb stibp tpr_shadow vnmi flexpriority ept vpid fsgsbase tsc_adjust bmi1 avx2 smep bmi2 erms invpcid mpx rdseed adx smap clflushopt intel_pt xsaveopt xsavec xgetbv1 xsaves dtherm ida arat pln pts hwp hwp_notify hwp_act_window hwp_epp md_clear flush_l1d
bugs		: cpu_meltdown spectre_v1 spectre_v2 spec_store_bypass l1tf mds swapgs
bogomips	: 3984.00
clflush size	: 64
cache_alignment	: 64
address sizes	: 39 bits physical, 48 bits virtual
power management:



Memory: 4k page, physical 7884860k(118876k free), swap 2097148k(4k free)

vm_info: OpenJDK 64-Bit Server VM (25.222-b10) for linux-amd64 JRE (1.8.0_222-8u222-b10-1ubuntu1~18.04.1-b10), built on Jul 18 2019 18:52:48 by "buildd" with gcc 7.4.0

time: Fri Nov 15 00:39:47 2019
timezone: IST
elapsed time: 0 seconds (0d 0h 0m 0s)

